<?xml version="1.0" encoding="UTF-8" ?>
<testsuite tests="4" failures="0" name="BuddyInfoTest" time="0.44" errors="1" skipped="0">
  <properties>
[...]
</properties>
  <testcase classname="BuddyInfoTest" name="getAddress" time="0"/>
  <testcase classname="BuddyInfoTest" name="getName" time="0"/>
  <testcase classname="BuddyInfoTest" name="getNumber" time="0"/>
  <testcase classname="BuddyInfoTest" name="performJPA" time="0.44">
    <error message="Object: BuddyInfo@682b2fa is not a known entity type." type="java.lang.IllegalArgumentException">java.lang.IllegalArgumentException: Object: BuddyInfo@682b2fa is not a known entity type.
	at org.eclipse.persistence.internal.sessions.UnitOfWorkImpl.registerNewObjectForPersist(UnitOfWorkImpl.java:4222)
	at org.eclipse.persistence.internal.jpa.EntityManagerImpl.persist(EntityManagerImpl.java:496)
	at BuddyInfoTest.performJPA(BuddyInfoTest.java:47)
	at java.base/jdk.internal.reflect.NativeMethodAccessorImpl.invoke0(Native Method)
	at java.base/jdk.internal.reflect.NativeMethodAccessorImpl.invoke(NativeMethodAccessorImpl.java:77)
	at java.base/jdk.internal.reflect.DelegatingMethodAccessorImpl.invoke(DelegatingMethodAccessorImpl.java:43)
	at java.base/java.lang.reflect.Method.invoke(Method.java:568)
	at org.junit.runners.model.FrameworkMethod$1.runReflectiveCall(FrameworkMethod.java:50)
	at org.junit.internal.runners.model.ReflectiveCallable.run(ReflectiveCallable.java:12)
	at org.junit.runners.model.FrameworkMethod.invokeExplosively(FrameworkMethod.java:47)
	at org.junit.internal.runners.statements.InvokeMethod.evaluate(InvokeMethod.java:17)
	at org.junit.runners.ParentRunner.runLeaf(ParentRunner.java:325)
	at org.junit.runners.BlockJUnit4ClassRunner.runChild(BlockJUnit4ClassRunner.java:78)
	at org.junit.runners.BlockJUnit4ClassRunner.runChild(BlockJUnit4ClassRunner.java:57)
	at org.junit.runners.ParentRunner$3.run(ParentRunner.java:290)
	at org.junit.runners.ParentRunner$1.schedule(ParentRunner.java:71)
	at org.junit.runners.ParentRunner.runChildren(ParentRunner.java:288)
	at org.junit.runners.ParentRunner.access$000(ParentRunner.java:58)
	at org.junit.runners.ParentRunner$2.evaluate(ParentRunner.java:268)
	at org.junit.runners.ParentRunner.run(ParentRunner.java:363)
	at org.apache.maven.surefire.junit4.JUnit4Provider.execute(JUnit4Provider.java:252)
	at org.apache.maven.surefire.junit4.JUnit4Provider.executeTestSet(JUnit4Provider.java:141)
	at org.apache.maven.surefire.junit4.JUnit4Provider.invoke(JUnit4Provider.java:112)
	at java.base/jdk.internal.reflect.NativeMethodAccessorImpl.invoke0(Native Method)
	at java.base/jdk.internal.reflect.NativeMethodAccessorImpl.invoke(NativeMethodAccessorImpl.java:77)
	at java.base/jdk.internal.reflect.DelegatingMethodAccessorImpl.invoke(DelegatingMethodAccessorImpl.java:43)
	at java.base/java.lang.reflect.Method.invoke(Method.java:568)
	at org.apache.maven.surefire.util.ReflectionUtils.invokeMethodWithArray(ReflectionUtils.java:189)
	at org.apache.maven.surefire.booter.ProviderFactory$ProviderProxy.invoke(ProviderFactory.java:165)
	at org.apache.maven.surefire.booter.ProviderFactory.invokeProvider(ProviderFactory.java:85)
	at org.apache.maven.surefire.booter.ForkedBooter.runSuitesInProcess(ForkedBooter.java:115)
	at org.apache.maven.surefire.booter.ForkedBooter.main(ForkedBooter.java:75)
</error>
    <system-out>[EL Info]: 2022-01-26 16:46:38.736--ServerSession(178049969)--EclipseLink, version: Eclipse Persistence Services - 2.5.0.v20130507-3faac2b
[EL Info]: connection: 2022-01-26 16:46:38.819--Not able to detect platform for vendor name [SQLite3]. Defaulting to [org.eclipse.persistence.platform.database.DatabasePlatform]. The database dialect used may not match with the database you are using. Please explicitly provide a platform using property eclipselink.platform.class.name.
[EL Info]: connection: 2022-01-26 16:46:38.83--ServerSession(178049969)--file:/D:/School/SYSC 4806/Lab2/target/classes/_jpa-test login successful
[EL Warning]: metamodel: 2022-01-26 16:46:38.845--The collection of metamodel types is empty. Model classes may not have been found during entity search for Java SE and some Java EE container managed persistence units.  Please verify that your entity classes are referenced in persistence.xml using either &lt;class&gt; elements or a global &lt;exclude-unlisted-classes&gt;false&lt;/exclude-unlisted-classes&gt; element
</system-out>
  </testcase>
</testsuite>